
2025-09-30 21:54:02 
2025-09-30 21:54:02 PLAY [all] *********************************************************************
2025-09-30 21:54:02 
2025-09-30 21:54:02 TASK [Detect Alpine] ***********************************************************
2025-09-30 21:54:02 fatal: [srv_bunkerweb]: UNREACHABLE! => {"changed": false, "msg": "Failed to connect to the host via ssh: ssh: connect to host 192.168.2.20 port 22: Connection refused", "unreachable": true}
2025-09-30 21:54:02 fatal: [srv_mailcow]: UNREACHABLE! => {"changed": false, "msg": "Failed to connect to the host via ssh: ssh: connect to host 192.168.0.20 port 22: Connection refused", "unreachable": true}
2025-09-30 21:54:02 ok: [pc_petrovich]
2025-09-30 21:54:02 ok: [pc_boss]
2025-09-30 21:54:02 ok: [pc_trust]
2025-09-30 21:54:02 ok: [srv_web]
2025-09-30 21:54:02 ok: [pc_banna]
2025-09-30 21:54:02 ok: [fw]
2025-09-30 21:54:02 ok: [srv_samba]
2025-09-30 21:54:02 ok: [srv_wazuh]
2025-09-30 21:54:05 fatal: [srv_nginx]: UNREACHABLE! => {"changed": false, "msg": "Failed to connect to the host via ssh: ssh: connect to host 192.168.2.10 port 22: No route to host", "unreachable": true}
2025-09-30 21:54:05 
2025-09-30 21:54:05 TASK [Set OS family fact] ******************************************************
2025-09-30 21:54:05 ok: [pc_petrovich]
2025-09-30 21:54:05 ok: [pc_boss]
2025-09-30 21:54:05 ok: [pc_trust]
2025-09-30 21:54:05 ok: [pc_banna]
2025-09-30 21:54:05 ok: [srv_web]
2025-09-30 21:54:05 ok: [srv_wazuh]
2025-09-30 21:54:05 ok: [srv_samba]
2025-09-30 21:54:05 ok: [fw]
2025-09-30 21:54:05 
2025-09-30 21:54:05 TASK [Ensure Python 3 for non-Alpine targets] **********************************
2025-09-30 21:54:05 skipping: [pc_petrovich]
2025-09-30 21:54:05 skipping: [pc_boss]
2025-09-30 21:54:05 skipping: [pc_trust]
2025-09-30 21:54:05 skipping: [pc_banna]
2025-09-30 21:54:05 skipping: [srv_web]
2025-09-30 21:54:05 skipping: [srv_wazuh]
2025-09-30 21:54:05 skipping: [srv_samba]
2025-09-30 21:54:05 skipping: [fw]
2025-09-30 21:54:05 
2025-09-30 21:54:05 TASK [Gather facts (non-Alpine)] ***********************************************
2025-09-30 21:54:05 skipping: [pc_petrovich]
2025-09-30 21:54:05 skipping: [pc_boss]
2025-09-30 21:54:05 skipping: [pc_trust]
2025-09-30 21:54:05 skipping: [pc_banna]
2025-09-30 21:54:05 skipping: [srv_web]
2025-09-30 21:54:05 skipping: [srv_wazuh]
2025-09-30 21:54:05 skipping: [srv_samba]
2025-09-30 21:54:05 skipping: [fw]
2025-09-30 21:54:05 
2025-09-30 21:54:05 TASK [ICMP ping default gateway] ***********************************************
2025-09-30 21:54:05 [WARNING]: No python interpreters found for host pc_trust (tried
2025-09-30 21:54:05 ['/usr/bin/python', 'python3.9', 'python3.8', 'python3.7', 'python3.6',
2025-09-30 21:54:05 'python3.5', 'python2.7', 'python2.6', '/usr/libexec/platform-python',
2025-09-30 21:54:05 '/usr/bin/python3', 'python'])
2025-09-30 21:54:05 ok: [pc_trust]
2025-09-30 21:54:05 [WARNING]: No python interpreters found for host pc_boss (tried
2025-09-30 21:54:05 ['/usr/bin/python', 'python3.9', 'python3.8', 'python3.7', 'python3.6',
2025-09-30 21:54:05 'python3.5', 'python2.7', 'python2.6', '/usr/libexec/platform-python',
2025-09-30 21:54:05 '/usr/bin/python3', 'python'])
2025-09-30 21:54:05 ok: [pc_boss]
2025-09-30 21:54:05 [WARNING]: No python interpreters found for host fw (tried ['/usr/bin/python',
2025-09-30 21:54:05 'python3.9', 'python3.8', 'python3.7', 'python3.6', 'python3.5', 'python2.7',
2025-09-30 21:54:05 'python2.6', '/usr/libexec/platform-python', '/usr/bin/python3', 'python'])
2025-09-30 21:54:05 ok: [fw]
2025-09-30 21:54:05 [WARNING]: No python interpreters found for host srv_web (tried
2025-09-30 21:54:05 ['/usr/bin/python', 'python3.9', 'python3.8', 'python3.7', 'python3.6',
2025-09-30 21:54:05 'python3.5', 'python2.7', 'python2.6', '/usr/libexec/platform-python',
2025-09-30 21:54:05 '/usr/bin/python3', 'python'])
2025-09-30 21:54:05 ok: [srv_web]
2025-09-30 21:54:05 [WARNING]: No python interpreters found for host pc_petrovich (tried
2025-09-30 21:54:05 ['/usr/bin/python', 'python3.9', 'python3.8', 'python3.7', 'python3.6',
2025-09-30 21:54:05 'python3.5', 'python2.7', 'python2.6', '/usr/libexec/platform-python',
2025-09-30 21:54:05 '/usr/bin/python3', 'python'])
2025-09-30 21:54:05 ok: [pc_petrovich]
2025-09-30 21:54:06 ok: [pc_banna]
2025-09-30 21:54:06 ok: [srv_samba]
2025-09-30 21:54:06 ok: [srv_wazuh]
2025-09-30 21:54:06 
2025-09-30 21:54:06 TASK [Collect metrics summary (non-Alpine)] ************************************
2025-09-30 21:54:06 skipping: [pc_petrovich]
2025-09-30 21:54:06 skipping: [pc_boss]
2025-09-30 21:54:06 skipping: [pc_trust]
2025-09-30 21:54:06 skipping: [pc_banna]
2025-09-30 21:54:06 skipping: [srv_web]
2025-09-30 21:54:06 skipping: [srv_wazuh]
2025-09-30 21:54:06 skipping: [srv_samba]
2025-09-30 21:54:06 skipping: [fw]
2025-09-30 21:54:06 
2025-09-30 21:54:06 TASK [Collect metrics summary (Alpine via raw)] ********************************
2025-09-30 21:54:06 skipping: [pc_petrovich]
2025-09-30 21:54:06 skipping: [pc_boss]
2025-09-30 21:54:06 skipping: [pc_trust]
2025-09-30 21:54:06 skipping: [pc_banna]
2025-09-30 21:54:06 skipping: [srv_web]
2025-09-30 21:54:06 skipping: [srv_wazuh]
2025-09-30 21:54:06 skipping: [srv_samba]
2025-09-30 21:54:06 skipping: [fw]
2025-09-30 21:54:06 
2025-09-30 21:54:06 TASK [Set Alpine summary fact] *************************************************
2025-09-30 21:54:06 skipping: [pc_petrovich]
2025-09-30 21:54:06 skipping: [pc_boss]
2025-09-30 21:54:06 skipping: [pc_trust]
2025-09-30 21:54:06 skipping: [pc_banna]
2025-09-30 21:54:06 skipping: [srv_web]
2025-09-30 21:54:06 skipping: [srv_wazuh]
2025-09-30 21:54:06 skipping: [srv_samba]
2025-09-30 21:54:06 skipping: [fw]
2025-09-30 21:54:06 
2025-09-30 21:54:06 TASK [Show summary] ************************************************************
2025-09-30 21:54:06 ok: [pc_petrovich] => {
2025-09-30 21:54:06     "monitor_summary": "VARIABLE IS NOT DEFINED!"
2025-09-30 21:54:06 }
2025-09-30 21:54:06 ok: [pc_boss] => {
2025-09-30 21:54:06     "monitor_summary": "VARIABLE IS NOT DEFINED!"
2025-09-30 21:54:06 }
2025-09-30 21:54:06 ok: [pc_trust] => {
2025-09-30 21:54:06     "monitor_summary": "VARIABLE IS NOT DEFINED!"
2025-09-30 21:54:06 }
2025-09-30 21:54:06 ok: [pc_banna] => {
2025-09-30 21:54:06     "monitor_summary": "VARIABLE IS NOT DEFINED!"
2025-09-30 21:54:06 }
2025-09-30 21:54:06 ok: [srv_web] => {
2025-09-30 21:54:06     "monitor_summary": "VARIABLE IS NOT DEFINED!"
2025-09-30 21:54:06 }
2025-09-30 21:54:06 ok: [srv_wazuh] => {
2025-09-30 21:54:06     "monitor_summary": "VARIABLE IS NOT DEFINED!"
2025-09-30 21:54:06 }
2025-09-30 21:54:06 ok: [srv_samba] => {
2025-09-30 21:54:06     "monitor_summary": "VARIABLE IS NOT DEFINED!"
2025-09-30 21:54:06 }
2025-09-30 21:54:06 ok: [fw] => {
2025-09-30 21:54:06     "monitor_summary": "VARIABLE IS NOT DEFINED!"
2025-09-30 21:54:06 }
2025-09-30 21:54:06 
2025-09-30 21:54:06 PLAY RECAP *********************************************************************
2025-09-30 21:54:06 fw                         : ok=4    changed=0    unreachable=0    failed=0    skipped=5    rescued=0    ignored=0   
2025-09-30 21:54:06 pc_banna                   : ok=4    changed=0    unreachable=0    failed=0    skipped=5    rescued=0    ignored=0   
2025-09-30 21:54:06 pc_boss                    : ok=4    changed=0    unreachable=0    failed=0    skipped=5    rescued=0    ignored=0   
2025-09-30 21:54:06 pc_petrovich               : ok=4    changed=0    unreachable=0    failed=0    skipped=5    rescued=0    ignored=0   
2025-09-30 21:54:06 pc_trust                   : ok=4    changed=0    unreachable=0    failed=0    skipped=5    rescued=0    ignored=0   
2025-09-30 21:54:06 srv_bunkerweb              : ok=0    changed=0    unreachable=1    failed=0    skipped=0    rescued=0    ignored=0   
2025-09-30 21:54:06 srv_mailcow                : ok=0    changed=0    unreachable=1    failed=0    skipped=0    rescued=0    ignored=0   
2025-09-30 21:54:06 srv_nginx                  : ok=0    changed=0    unreachable=1    failed=0    skipped=0    rescued=0    ignored=0   
2025-09-30 21:54:06 srv_samba                  : ok=4    changed=0    unreachable=0    failed=0    skipped=5    rescued=0    ignored=0   
2025-09-30 21:54:06 srv_wazuh                  : ok=4    changed=0    unreachable=0    failed=0    skipped=5    rescued=0    ignored=0   
2025-09-30 21:54:06 srv_web                    : ok=4    changed=0    unreachable=0    failed=0    skipped=5    rescued=0    ignored=0   
2025-09-30 21:54:06 
2025-09-30 21:54:06 ansible-playbook healthcheck.yml exit code: 4
2025-09-30 21:54:06 
2025-09-30 21:54:06 PLAY [Stub playbook (no-op)] ***************************************************
2025-09-30 21:54:06 
2025-09-30 21:54:06 PLAY RECAP *********************************************************************
2025-09-30 21:54:06 
2025-09-30 21:54:06 ansible-playbook stub.yml exit code: 0
